The_Great_Sawyer/Library/Bee/Android/Prj/Mono2x/Gradle/unityLibrary/mobilenotifications.androidlib/build/outputs/mapping/release/seeds.txt
com.unity.androidnotifications.R
com.unity3d.player.UnityPlayer
com.unity.androidnotifications.UnityNotificationManager
com.unity.androidnotifications.UnityNotificationRestartReceiver
com.unity.androidnotifications.NotificationCallback
com.unity.androidnotifications.UnityNotificationManager: java.lang.String KEY_INTENT_DATA
com.unity.androidnotifications.UnityNotificationManager: java.lang.String KEY_ID
com.unity.androidnotifications.UnityNotificationManager: java.lang.String KEY_LARGE_ICON
com.unity.androidnotifications.UnityNotificationManager: java.lang.String KEY_SHOW_IN_FOREGROUND
com.unity.androidnotifications.UnityNotificationManager: java.lang.String KEY_BIG_CONTENT_DESCRIPTION
com.unity.androidnotifications.UnityNotificationManager: java.lang.String KEY_CHANNEL_ID
com.unity.androidnotifications.UnityNotificationManager: java.lang.String KEY_BIG_CONTENT_TITLE
com.unity.androidnotifications.UnityNotificationManager: java.lang.String KEY_NOTIFICATION
com.unity.androidnotifications.UnityNotificationManager: java.lang.String KEY_REPEAT_INTERVAL
com.unity.androidnotifications.UnityNotificationManager: java.lang.String KEY_SMALL_ICON
com.unity.androidnotifications.UnityNotificationManager: java.lang.String KEY_FIRE_TIME
com.unity.androidnotifications.UnityNotificationManager: java.lang.String KEY_NOTIFICATION_DISMISSED
com.unity.androidnotifications.UnityNotificationManager: java.lang.String KEY_BIG_LARGE_ICON
com.unity.androidnotifications.UnityNotificationManager: java.lang.String KEY_BIG_SHOW_WHEN_COLLAPSED
com.unity.androidnotifications.UnityNotificationManager: java.lang.String KEY_BIG_PICTURE
com.unity.androidnotifications.UnityNotificationManager: java.lang.String KEY_NOTIFICATION_ID
com.unity3d.player.UnityPlayer: java.lang.String getProcessName()
com.unity.androidnotifications.UnityNotificationManager: void cancelAllNotifications()
com.unity.androidnotifications.NotificationCallback: void onSentNotification(android.app.Notification)
com.unity3d.player.UnityPlayer: android.view.View getView()
com.unity.androidnotifications.R: R()
com.unity3d.player.UnityPlayer: android.content.pm.ApplicationInfo getApplicationInfo()
com.unity3d.player.UnityPlayer: void setCharacterLimit(int)
com.unity3d.player.UnityPlayer: void setSoftInputStr(java.lang.String)
com.unity3d.player.UnityPlayer: boolean getARCoreEnabled()
com.unity.androidnotifications.UnityNotificationManager: boolean canScheduleExactAlarms()
com.unity.androidnotifications.UnityNotificationManager: com.unity.androidnotifications.NotificationChannelWrapper getNotificationChannel(java.lang.String)
com.unity.androidnotifications.UnityNotificationManager: int areNotificationsEnabled()
com.unity.androidnotifications.UnityNotificationManager: void onReceive(android.content.Context,android.content.Intent)
com.unity3d.player.UnityPlayer: void setMainSurfaceViewAspectRatio(float)
com.unity3d.player.UnityPlayer: void setScreenBrightness(float)
com.unity3d.player.UnityPlayer: boolean getAutoReportFullyDrawnEnabled()
com.unity.androidnotifications.UnityNotificationManager: void registerNotificationChannel(java.lang.String,java.lang.String,int,java.lang.String,boolean,boolean,boolean,boolean,long[],int,java.lang.String)
com.unity.androidnotifications.UnityNotificationManager: java.lang.Integer getNotificationColor(android.app.Notification)
com.unity3d.player.UnityPlayer: java.lang.String getClipboardText()
com.unity.androidnotifications.UnityNotificationManager: void cancelAllPendingNotificationIntents()
com.unity3d.player.UnityPlayer: android.os.Bundle getSettings()
com.unity.androidnotifications.UnityNotificationManager: com.unity.androidnotifications.UnityNotificationManager getNotificationManagerImpl(android.app.Activity,com.unity.androidnotifications.NotificationCallback)
com.unity3d.player.UnityPlayer: boolean nativeGetNoWindowMode()