The_Great_Sawyer/Library/Bee/Android/Prj/Mono2x/Gradle/unityLibrary/mobilenotifications.androidlib/build/outputs/mapping/release/usage.txt
com.unity3d.player.UnityPlayer:
    private static final java.lang.String ARCORE_ENABLE_METADATA_NAME
    private static final java.lang.String AUTO_REPORT_FULLY_DRAWN_ENABLE_METADATA_NAME
    private static final java.lang.String LAUNCH_FULLSCREEN
    private static final int RUN_STATE_CHANGED_MSG_CODE
    private static final java.lang.String SPLASH_ENABLE_METADATA_NAME
    private static final java.lang.String SPLASH_MODE_METADATA_NAME
    private int mInitialScreenOrientation
    private boolean mIsFullscreen
    private boolean mMainDisplayOverride
    private int mNaturalOrientation
    private android.view.OrientationEventListener mOrientationListener
    private boolean mProcessKillRequested
    private boolean mQuitting
    private com.unity3d.player.J mState
    private com.unity3d.player.U mVideoPlayerProxy
    private com.unity3d.player.GoogleARCoreApi m_ARCoreApi
    private boolean m_AddPhoneCallListener
    private com.unity3d.player.AudioVolumeHandler m_AudioVolumeHandler
    private com.unity3d.player.Camera2Wrapper m_Camera2Wrapper
    private final java.util.concurrent.ConcurrentLinkedQueue m_Events
    private com.unity3d.player.UnityPlayer$B m_FakeListener
    private com.unity3d.player.HFPStatus m_HFPStatus
    com.unity3d.player.UnityPlayer$F m_MainThread
    private com.unity3d.player.OrientationLockListener m_OrientationLockListener
    private com.unity3d.player.UnityPlayer$D m_PhoneCallListener
    private com.unity3d.player.C m_SplashScreen
com.unity3d.player.a.a
com.unity3d.player.a.b
com.unity3d.player.a.c
com.unity3d.player.a.d
com.unity3d.player.a
com.unity3d.player.b
com.unity3d.player.c
com.unity3d.player.d
com.unity3d.player.e
com.unity3d.player.f
com.unity3d.player.g
com.unity3d.player.h
com.unity3d.player.i
com.unity3d.player.j
com.unity3d.player.k
com.unity3d.player.l
com.unity3d.player.m
com.unity3d.player.n
com.unity3d.player.o
com.unity3d.player.p
com.unity3d.player.q
com.unity3d.player.r
com.unity3d.player.s
com.unity3d.player.t
com.unity3d.player.v
com.unity3d.player.w
com.unity3d.player.x
com.unity3d.player.y
com.unity3d.player.z
org.fmod.FMODAudioDevice
org.fmod.a
com.unity.androidnotifications.NotificationChannelWrapper:
    public boolean canBypassDnd
    public boolean canShowBadge
    public java.lang.String description
    public boolean enableLights
    public boolean enableVibration
    public java.lang.String name
com.unity.androidnotifications.UnityNotificationBackgroundThread$CancelAllNotificationsTask:
    public synthetic void <init>(com.unity.androidnotifications.UnityNotificationBackgroundThread$1)
com.unity.androidnotifications.UnityNotificationBackgroundThread:
    public static void access$100(com.unity.androidnotifications.UnityNotificationBackgroundThread,java.util.Set)
    public void enqueueCancelAllNotifications()
    public void enqueueCancelNotification(int)
    public final void enqueueHousekeeping()
    public void enqueueNotification(int,android.app.Notification$Builder,boolean,boolean)
    public final boolean executeTask(com.unity.androidnotifications.UnityNotificationManager,com.unity.androidnotifications.UnityNotificationBackgroundThread$Task,java.util.concurrent.ConcurrentHashMap)
    public final void performHousekeeping(java.util.Set)